/mysqldata/mysql/base/8.0.24/bin/mysqld, Version: 8.0.24 (MySQL Community Server - GPL). started with:
Tcp port: 3306  Unix socket: /tmp/mysql.sock
Time                 Id Command    Argument

# Time: 2026-03-17T03:01:23.123456Z
# User@Host: appuser[appuser] @ [192.168.10.101]  Id: 10001
# Query_time: 12.345678  Lock_time: 0.000234  Rows_sent: 1  Rows_examined: 980000
SET timestamp=1742176883;
SELECT * FROM orders WHERE user_id = 12345 AND status = 'pending' ORDER BY created_at DESC;

# Time: 2026-03-17T03:05:44.654321Z
# User@Host: root[root] @ [192.168.10.23]  Id: 10002
# Query_time: 25.678901  Lock_time: 0.010500  Rows_sent: 50  Rows_examined: 2100000
SET timestamp=1742177144;
SELECT a.id, a.name, b.amount, c.status FROM accounts a LEFT JOIN transactions b ON a.id = b.account_id LEFT JOIN orders c ON b.order_id = c.id WHERE a.created_at BETWEEN '2026-01-01' AND '2026-03-17' AND c.status != 'cancelled';

# Time: 2026-03-17T03:12:05.000000Z
# User@Host: appuser[appuser] @ [192.168.10.102]  Id: 10003
# Query_time: 3.500000  Lock_time: 0.000100  Rows_sent: 10  Rows_examined: 50000
SET timestamp=1742177525;
SELECT count(1) FROM user_logs WHERE action = 'login' AND created_at > '2026-03-16';

# Time: 2026-03-17T03:18:30.789012Z
# User@Host: report[report] @ [192.168.10.200]  Id: 10004
# Query_time: 45.123456  Lock_time: 0.025600  Rows_sent: 500  Rows_examined: 5600000
SET timestamp=1742177910;
SELECT DATE(created_at) AS day, department_id, SUM(amount) AS total, COUNT(*) AS cnt FROM financial_records WHERE created_at >= '2026-01-01' AND deleted = 0 GROUP BY DATE(created_at), department_id ORDER BY day DESC, total DESC;

# Time: 2026-03-17T03:25:11.111111Z
# User@Host: appuser[appuser] @ [192.168.10.101]  Id: 10005
# Query_time: 18.900000  Lock_time: 0.001200  Rows_sent: 0  Rows_examined: 3200000
SET timestamp=1742178311;
UPDATE user_points SET points = points + 100, updated_at = NOW() WHERE user_id IN (SELECT user_id FROM orders WHERE status = 'completed' AND pay_time BETWEEN '2026-03-16 00:00:00' AND '2026-03-17 00:00:00');

# Time: 2026-03-17T03:30:00.000000Z
# User@Host: root[root] @ [192.168.10.23]  Id: 10006
# Query_time: 0.800000  Lock_time: 0.000050  Rows_sent: 5  Rows_examined: 100
SET timestamp=1742178600;
SELECT id, name FROM products WHERE id = 42;

# Time: 2026-03-17T03:35:22.222222Z
# User@Host: appuser[appuser] @ [192.168.10.103]  Id: 10007
# Query_time: 11.234567  Lock_time: 0.003400  Rows_sent: 200  Rows_examined: 1500000
SET timestamp=1742178922;
SELECT u.id, u.username, u.email, p.nickname, p.avatar, r.role_name FROM users u JOIN user_profiles p ON u.id = p.user_id JOIN user_roles ur ON u.id = ur.user_id JOIN roles r ON ur.role_id = r.id WHERE u.status = 1 AND u.last_login > '2026-03-10' ORDER BY u.last_login DESC LIMIT 200;

# Time: 2026-03-17T03:40:55.333333Z
# User@Host: appuser[appuser] @ [192.168.10.101]  Id: 10008
# Query_time: 9.500000  Lock_time: 0.000800  Rows_sent: 0  Rows_examined: 800000
SET timestamp=1742179255;
rollback;

# Time: 2026-03-17T03:47:18.444444Z
# User@Host: report[report] @ [192.168.10.200]  Id: 10009
# Query_time: 60.000001  Lock_time: 0.100000  Rows_sent: 1000  Rows_examined: 8900000
SET timestamp=1742179638;
SELECT p.category_id, p.brand_id, COUNT(DISTINCT o.user_id) AS buyers, SUM(oi.quantity) AS sold_qty, SUM(oi.price * oi.quantity) AS revenue FROM order_items oi JOIN orders o ON oi.order_id = o.id JOIN products p ON oi.product_id = p.id WHERE o.pay_time BETWEEN '2026-01-01' AND '2026-03-17' AND o.status = 'completed' GROUP BY p.category_id, p.brand_id HAVING revenue > 10000 ORDER BY revenue DESC;

# Time: 2026-03-17T04:00:00.000000Z
# User@Host: appuser[appuser] @ [192.168.10.104]  Id: 10010
# Query_time: 15.678900  Lock_time: 0.005000  Rows_sent: 0  Rows_examined: 2500000
SET timestamp=1742180400;
DELETE FROM operation_logs WHERE created_at < '2026-01-01' AND operator_id NOT IN (SELECT id FROM admin_users WHERE status = 1);

# Time: 2026-03-16T10:00:00.000000Z
# User@Host: appuser[appuser] @ [192.168.10.101]  Id: 9001
# Query_time: 22.000000  Lock_time: 0.008000  Rows_sent: 100  Rows_examined: 1200000
SET timestamp=1742119200;
SELECT /*140001 */ id, order_no, amount FROM orders WHERE created_at > '2026-03-15';

# Time: 2026-03-15T08:00:00.000000Z
# User@Host: report[report] @ [192.168.10.200]  Id: 8001
# Query_time: 33.000000  Lock_time: 0.050000  Rows_sent: 300  Rows_examined: 4000000
SET timestamp=1742032800;
SELECT id, user_id, amount, remark FROM old_archive_table WHERE year = 2025 AND quarter = 4;
